<?xml version="1.0" encoding="UTF-8"?>
<testsuite name="k_health.CovidChat" tests="1" skipped="0" failures="1" errors="0" timestamp="2020-10-27T13:44:03" hostname="LIRAN" time="111.782">
  <properties/>
  <testcase name="covid" classname="k_health.CovidChat" time="111.782">
    <failure message="org.openqa.selenium.NoSuchElementException: Can't locate an element by this strategy: By.chained({By.xpath: /hierarchy/android.widget.FrameLayout/android.widget.LinearLayout/android.widget.FrameLayout/android.widget.LinearLayout/android.widget.FrameLayout/android.widget.FrameLayout/android.view.ViewGroup/android.view.ViewGroup/android.view.ViewGroup/android.view.ViewGroup/android.view.ViewGroup/android.view.ViewGroup/android.view.ViewGroup/android.view.ViewGroup/android.view.ViewGroup/android.view.ViewGroup/android.view.ViewGroup/android.view.ViewGroup/android.view.ViewGroup/android.view.ViewGroup[2]/android.view.ViewGroup/android.view.ViewGroup/android.view.ViewGroup/android.widget.HorizontalScrollView/android.view.ViewGroup/android.view.ViewGroup[2]})" type="org.openqa.selenium.NoSuchElementException">org.openqa.selenium.NoSuchElementException: Can't locate an element by this strategy: By.chained({By.xpath: /hierarchy/android.widget.FrameLayout/android.widget.LinearLayout/android.widget.FrameLayout/android.widget.LinearLayout/android.widget.FrameLayout/android.widget.FrameLayout/android.view.ViewGroup/android.view.ViewGroup/android.view.ViewGroup/android.view.ViewGroup/android.view.ViewGroup/android.view.ViewGroup/android.view.ViewGroup/android.view.ViewGroup/android.view.ViewGroup/android.view.ViewGroup/android.view.ViewGroup/android.view.ViewGroup/android.view.ViewGroup/android.view.ViewGroup[2]/android.view.ViewGroup/android.view.ViewGroup/android.view.ViewGroup/android.widget.HorizontalScrollView/android.view.ViewGroup/android.view.ViewGroup[2]})
	at io.appium.java_client.pagefactory.AppiumElementLocator.findElement(AppiumElementLocator.java:126)
	at io.appium.java_client.pagefactory.interceptors.InterceptorOfASingleElement.intercept(InterceptorOfASingleElement.java:59)
	at io.appium.java_client.android.AndroidElement$$EnhancerByCGLIB$$b598166c.click(&lt;generated&gt;)
	at apps.k_health.main.MainActions.tapOnCovidQuestionnaire(MainActions.java:13)
	at k_health.CovidChat.covid(CovidChat.java:12)
	at java.base/jdk.internal.reflect.NativeMethodAccessorImpl.invoke0(Native Method)
	at java.base/jdk.internal.reflect.NativeMethodAccessorImpl.invoke(NativeMethodAccessorImpl.java:62)
	at java.base/jdk.internal.reflect.DelegatingMethodAccessorImpl.invoke(DelegatingMethodAccessorImpl.java:43)
	at java.base/java.lang.reflect.Method.invoke(Method.java:564)
	at org.testng.internal.MethodInvocationHelper.invokeMethod(MethodInvocationHelper.java:134)
	at org.testng.internal.TestInvoker.invokeMethod(TestInvoker.java:597)
	at org.testng.internal.TestInvoker.invokeTestMethod(TestInvoker.java:173)
	at org.testng.internal.MethodRunner.runInSequence(MethodRunner.java:46)
	at org.testng.internal.TestInvoker$MethodInvocationAgent.invoke(TestInvoker.java:816)
	at org.testng.internal.TestInvoker.invokeTestMethods(TestInvoker.java:146)
	at org.testng.internal.TestMethodWorker.invokeTestMethods(TestMethodWorker.java:146)
	at org.testng.internal.TestMethodWorker.run(TestMethodWorker.java:128)
	at java.base/java.util.ArrayList.forEach(ArrayList.java:1378)
	at org.testng.TestRunner.privateRun(TestRunner.java:766)
	at org.testng.TestRunner.run(TestRunner.java:587)
	at org.testng.SuiteRunner.runTest(SuiteRunner.java:384)
	at org.testng.SuiteRunner.runSequentially(SuiteRunner.java:378)
	at org.testng.SuiteRunner.privateRun(SuiteRunner.java:337)
	at org.testng.SuiteRunner.run(SuiteRunner.java:286)
	at org.testng.SuiteRunnerWorker.runSuite(SuiteRunnerWorker.java:53)
	at org.testng.SuiteRunnerWorker.run(SuiteRunnerWorker.java:96)
	at org.testng.TestNG.runSuitesSequentially(TestNG.java:1187)
	at org.testng.TestNG.runSuitesLocally(TestNG.java:1109)
	at org.testng.TestNG.runSuites(TestNG.java:1039)
	at org.testng.TestNG.run(TestNG.java:1007)
	at org.gradle.api.internal.tasks.testing.testng.TestNGTestClassProcessor.runTests(TestNGTestClassProcessor.java:141)
	at org.gradle.api.internal.tasks.testing.testng.TestNGTestClassProcessor.stop(TestNGTestClassProcessor.java:90)
	at org.gradle.api.internal.tasks.testing.SuiteTestClassProcessor.stop(SuiteTestClassProcessor.java:61)
	at java.base/jdk.internal.reflect.NativeMethodAccessorImpl.invoke0(Native Method)
	at java.base/jdk.internal.reflect.NativeMethodAccessorImpl.invoke(NativeMethodAccessorImpl.java:62)
	at java.base/jdk.internal.reflect.DelegatingMethodAccessorImpl.invoke(DelegatingMethodAccessorImpl.java:43)
	at java.base/java.lang.reflect.Method.invoke(Method.java:564)
	at org.gradle.internal.dispatch.ReflectionDispatch.dispatch(ReflectionDispatch.java:36)
	at org.gradle.internal.dispatch.ReflectionDispatch.dispatch(ReflectionDispatch.java:24)
	at org.gradle.internal.dispatch.ContextClassLoaderDispatch.dispatch(ContextClassLoaderDispatch.java:33)
	at org.gradle.internal.dispatch.ProxyDispatchAdapter$DispatchingInvocationHandler.invoke(ProxyDispatchAdapter.java:94)
	at com.sun.proxy.$Proxy2.stop(Unknown Source)
	at org.gradle.api.internal.tasks.testing.worker.TestWorker.stop(TestWorker.java:132)
	at java.base/jdk.internal.reflect.NativeMethodAccessorImpl.invoke0(Native Method)
	at java.base/jdk.internal.reflect.NativeMethodAccessorImpl.invoke(NativeMethodAccessorImpl.java:62)
	at java.base/jdk.internal.reflect.DelegatingMethodAccessorImpl.invoke(DelegatingMethodAccessorImpl.java:43)
	at java.base/java.lang.reflect.Method.invoke(Method.java:564)
	at org.gradle.internal.dispatch.ReflectionDispatch.dispatch(ReflectionDispatch.java:36)
	at org.gradle.internal.dispatch.ReflectionDispatch.dispatch(ReflectionDispatch.java:24)
	at org.gradle.internal.remote.internal.hub.MessageHubBackedObjectConnection$DispatchWrapper.dispatch(MessageHubBackedObjectConnection.java:182)
	at org.gradle.internal.remote.internal.hub.MessageHubBackedObjectConnection$DispatchWrapper.dispatch(MessageHubBackedObjectConnection.java:164)
	at org.gradle.internal.remote.internal.hub.MessageHub$Handler.run(MessageHub.java:412)
	at org.gradle.internal.concurrent.ExecutorPolicy$CatchAndRecordFailures.onExecute(ExecutorPolicy.java:64)
	at org.gradle.internal.concurrent.ManagedExecutorImpl$1.run(ManagedExecutorImpl.java:48)
	at java.base/java.util.concurrent.ThreadPoolExecutor.runWorker(ThreadPoolExecutor.java:1135)
	at java.base/java.util.concurrent.ThreadPoolExecutor$Worker.run(ThreadPoolExecutor.java:635)
	at org.gradle.internal.concurrent.ThreadFactoryImpl$ManagedThreadRunnable.run(ThreadFactoryImpl.java:56)
	at java.base/java.lang.Thread.run(Thread.java:844)
Caused by: org.openqa.selenium.TimeoutException: Expected condition failed: waiting for io.appium.java_client.pagefactory.AppiumElementLocator$WaitingFunction@5369162e (tried for 5 second(s) with 500 milliseconds interval)
	at org.openqa.selenium.support.ui.FluentWait.timeoutException(FluentWait.java:304)
	at org.openqa.selenium.support.ui.FluentWait.until(FluentWait.java:272)
	at io.appium.java_client.pagefactory.AppiumElementLocator.waitFor(AppiumElementLocator.java:99)
	at io.appium.java_client.pagefactory.AppiumElementLocator.findElement(AppiumElementLocator.java:119)
	... 57 more
Caused by: org.openqa.selenium.NoSuchElementException: Cannot locate an element using By.chained({By.xpath: /hierarchy/android.widget.FrameLayout/android.widget.LinearLayout/android.widget.FrameLayout/android.widget.LinearLayout/android.widget.FrameLayout/android.widget.FrameLayout/android.view.ViewGroup/android.view.ViewGroup/android.view.ViewGroup/android.view.ViewGroup/android.view.ViewGroup/android.view.ViewGroup/android.view.ViewGroup/android.view.ViewGroup/android.view.ViewGroup/android.view.ViewGroup/android.view.ViewGroup/android.view.ViewGroup/android.view.ViewGroup/android.view.ViewGroup[2]/android.view.ViewGroup/android.view.ViewGroup/android.view.ViewGroup/android.widget.HorizontalScrollView/android.view.ViewGroup/android.view.ViewGroup[2]})
For documentation on this error, please visit: https://www.seleniumhq.org/exceptions/no_such_element.html
Build info: version: '3.141.59', revision: 'e82be7d358', time: '2018-11-14T08:17:03'
System info: host: 'LIRAN', ip: '192.168.1.156', os.name: 'Windows 10', os.arch: 'amd64', os.version: '10.0', java.version: '10.0.2'
Driver info: driver.version: AndroidDriver
	at io.appium.java_client.pagefactory.bys.builder.ByChained.findElement(ByChained.java:74)
	at org.openqa.selenium.remote.RemoteWebDriver.findElement(RemoteWebDriver.java:315)
	at io.appium.java_client.DefaultGenericMobileDriver.findElement(DefaultGenericMobileDriver.java:57)
	at io.appium.java_client.AppiumDriver.findElement(AppiumDriver.java:1)
	at io.appium.java_client.android.AndroidDriver.findElement(AndroidDriver.java:1)
	at io.appium.java_client.pagefactory.bys.ContentMappedBy.findElement(ContentMappedBy.java:50)
	at org.openqa.selenium.remote.RemoteWebDriver.findElement(RemoteWebDriver.java:315)
	at io.appium.java_client.DefaultGenericMobileDriver.findElement(DefaultGenericMobileDriver.java:57)
	at io.appium.java_client.AppiumDriver.findElement(AppiumDriver.java:1)
	at io.appium.java_client.android.AndroidDriver.findElement(AndroidDriver.java:1)
	at io.appium.java_client.pagefactory.AppiumElementLocator.lambda$0(AppiumElementLocator.java:120)
	at io.appium.java_client.pagefactory.AppiumElementLocator$WaitingFunction.apply(AppiumElementLocator.java:172)
	at io.appium.java_client.pagefactory.AppiumElementLocator$WaitingFunction.apply(AppiumElementLocator.java:1)
	at org.openqa.selenium.support.ui.FluentWait.until(FluentWait.java:249)
	... 59 more
</failure>
  </testcase>
  <system-out><![CDATA[2020-10-27 15:44:03:671 - ?[35m[HTTP]?[39m ?[37m-->?[39m ?[37mGET?[39m ?[37m/wd/hub/session/ba0bfa51-1485-492d-8332-7b7b3266d36b/context?[39m
2020-10-27 15:44:03:671 - ?[35m[HTTP]?[39m ?[90m{}?[39m
2020-10-27 15:44:03:676 - ?[35m[HTTP]?[39m ?[37m<-- GET /wd/hub/session/ba0bfa51-1485-492d-8332-7b7b3266d36b/context ?[39m?[32m200?[39m ?[90m5 ms - 22?[39m
2020-10-27 15:44:03:676 - ?[35m[HTTP]?[39m ?[90m?[39m
2020-10-27 15:44:03:706 - ?[35m[HTTP]?[39m ?[37m-->?[39m ?[37mPOST?[39m ?[37m/wd/hub/session/ba0bfa51-1485-492d-8332-7b7b3266d36b/element?[39m
2020-10-27 15:44:03:707 - ?[35m[HTTP]?[39m ?[90m{"using":"xpath","value":"/hierarchy/android.widget.FrameLayout/android.widget.LinearLayout/android.widget.FrameLayout/android.widget.LinearLayout/android.widget.FrameLayout/android.widget.FrameLayout/android.view.ViewGroup/android.view.ViewGroup/android.view.ViewGroup/android.view.ViewGroup/android.view.ViewGroup/android.view.ViewGroup/android.view.ViewGroup/android.view.ViewGroup/android.view.ViewGroup/android.view.ViewGroup/android.view.ViewGroup/android.view.ViewGroup/android.view.ViewGroup/android.view.ViewGroup[2]/android.view.ViewGroup/android.view.ViewGroup/android.view.ViewGroup/android.widget.HorizontalScrollView/android.view.ViewGroup/android.view.ViewGroup[2]"}?[39m
2020-10-27 15:44:03:840 - ?[35m[HTTP]?[39m ?[37m<-- POST /wd/hub/session/ba0bfa51-1485-492d-8332-7b7b3266d36b/element ?[39m?[33m404?[39m ?[90m133 ms - 407?[39m
2020-10-27 15:44:03:840 - ?[35m[HTTP]?[39m ?[90m?[39m
2020-10-27 15:44:04:404 - ?[35m[HTTP]?[39m ?[37m-->?[39m ?[37mPOST?[39m ?[37m/wd/hub/session/ba0bfa51-1485-492d-8332-7b7b3266d36b/element?[39m
2020-10-27 15:44:04:405 - ?[35m[HTTP]?[39m ?[90m{"using":"xpath","value":"/hierarchy/android.widget.FrameLayout/android.widget.LinearLayout/android.widget.FrameLayout/android.widget.LinearLayout/android.widget.FrameLayout/android.widget.FrameLayout/android.view.ViewGroup/android.view.ViewGroup/android.view.ViewGroup/android.view.ViewGroup/android.view.ViewGroup/android.view.ViewGroup/android.view.ViewGroup/android.view.ViewGroup/android.view.ViewGroup/android.view.ViewGroup/android.view.ViewGroup/android.view.ViewGroup/android.view.ViewGroup/android.view.ViewGroup[2]/android.view.ViewGroup/android.view.ViewGroup/android.view.ViewGroup/android.widget.HorizontalScrollView/android.view.ViewGroup/android.view.ViewGroup[2]"}?[39m
2020-10-27 15:44:04:481 - ?[35m[HTTP]?[39m ?[37m<-- POST /wd/hub/session/ba0bfa51-1485-492d-8332-7b7b3266d36b/element ?[39m?[33m404?[39m ?[90m76 ms - 407?[39m
2020-10-27 15:44:04:482 - ?[35m[HTTP]?[39m ?[90m?[39m
2020-10-27 15:44:05:019 - ?[35m[HTTP]?[39m ?[37m-->?[39m ?[37mPOST?[39m ?[37m/wd/hub/session/ba0bfa51-1485-492d-8332-7b7b3266d36b/element?[39m
2020-10-27 15:44:05:019 - ?[35m[HTTP]?[39m ?[90m{"using":"xpath","value":"/hierarchy/android.widget.FrameLayout/android.widget.LinearLayout/android.widget.FrameLayout/android.widget.LinearLayout/android.widget.FrameLayout/android.widget.FrameLayout/android.view.ViewGroup/android.view.ViewGroup/android.view.ViewGroup/android.view.ViewGroup/android.view.ViewGroup/android.view.ViewGroup/android.view.ViewGroup/android.view.ViewGroup/android.view.ViewGroup/android.view.ViewGroup/android.view.ViewGroup/android.view.ViewGroup/android.view.ViewGroup/android.view.ViewGroup[2]/android.view.ViewGroup/android.view.ViewGroup/android.view.ViewGroup/android.widget.HorizontalScrollView/android.view.ViewGroup/android.view.ViewGroup[2]"}?[39m
2020-10-27 15:44:05:082 - ?[35m[HTTP]?[39m ?[37m<-- POST /wd/hub/session/ba0bfa51-1485-492d-8332-7b7b3266d36b/element ?[39m?[33m404?[39m ?[90m63 ms - 407?[39m
2020-10-27 15:44:05:082 - ?[35m[HTTP]?[39m ?[90m?[39m
2020-10-27 15:44:05:597 - ?[35m[HTTP]?[39m ?[37m-->?[39m ?[37mPOST?[39m ?[37m/wd/hub/session/ba0bfa51-1485-492d-8332-7b7b3266d36b/element?[39m
2020-10-27 15:44:05:597 - ?[35m[HTTP]?[39m ?[90m{"using":"xpath","value":"/hierarchy/android.widget.FrameLayout/android.widget.LinearLayout/android.widget.FrameLayout/android.widget.LinearLayout/android.widget.FrameLayout/android.widget.FrameLayout/android.view.ViewGroup/android.view.ViewGroup/android.view.ViewGroup/android.view.ViewGroup/android.view.ViewGroup/android.view.ViewGroup/android.view.ViewGroup/android.view.ViewGroup/android.view.ViewGroup/android.view.ViewGroup/android.view.ViewGroup/android.view.ViewGroup/android.view.ViewGroup/android.view.ViewGroup[2]/android.view.ViewGroup/android.view.ViewGroup/android.view.ViewGroup/android.widget.HorizontalScrollView/android.view.ViewGroup/android.view.ViewGroup[2]"}?[39m
2020-10-27 15:44:05:672 - ?[35m[HTTP]?[39m ?[37m<-- POST /wd/hub/session/ba0bfa51-1485-492d-8332-7b7b3266d36b/element ?[39m?[33m404?[39m ?[90m75 ms - 407?[39m
2020-10-27 15:44:05:672 - ?[35m[HTTP]?[39m ?[90m?[39m
2020-10-27 15:44:06:208 - ?[35m[HTTP]?[39m ?[37m-->?[39m ?[37mPOST?[39m ?[37m/wd/hub/session/ba0bfa51-1485-492d-8332-7b7b3266d36b/element?[39m
2020-10-27 15:44:06:208 - ?[35m[HTTP]?[39m ?[90m{"using":"xpath","value":"/hierarchy/android.widget.FrameLayout/android.widget.LinearLayout/android.widget.FrameLayout/android.widget.LinearLayout/android.widget.FrameLayout/android.widget.FrameLayout/android.view.ViewGroup/android.view.ViewGroup/android.view.ViewGroup/android.view.ViewGroup/android.view.ViewGroup/android.view.ViewGroup/android.view.ViewGroup/android.view.ViewGroup/android.view.ViewGroup/android.view.ViewGroup/android.view.ViewGroup/android.view.ViewGroup/android.view.ViewGroup/android.view.ViewGroup[2]/android.view.ViewGroup/android.view.ViewGroup/android.view.ViewGroup/android.widget.HorizontalScrollView/android.view.ViewGroup/android.view.ViewGroup[2]"}?[39m
2020-10-27 15:44:06:262 - ?[35m[HTTP]?[39m ?[37m<-- POST /wd/hub/session/ba0bfa51-1485-492d-8332-7b7b3266d36b/element ?[39m?[33m404?[39m ?[90m55 ms - 407?[39m
2020-10-27 15:44:06:263 - ?[35m[HTTP]?[39m ?[90m?[39m
2020-10-27 15:44:06:795 - ?[35m[HTTP]?[39m ?[37m-->?[39m ?[37mPOST?[39m ?[37m/wd/hub/session/ba0bfa51-1485-492d-8332-7b7b3266d36b/element?[39m
2020-10-27 15:44:06:796 - ?[35m[HTTP]?[39m ?[90m{"using":"xpath","value":"/hierarchy/android.widget.FrameLayout/android.widget.LinearLayout/android.widget.FrameLayout/android.widget.LinearLayout/android.widget.FrameLayout/android.widget.FrameLayout/android.view.ViewGroup/android.view.ViewGroup/android.view.ViewGroup/android.view.ViewGroup/android.view.ViewGroup/android.view.ViewGroup/android.view.ViewGroup/android.view.ViewGroup/android.view.ViewGroup/android.view.ViewGroup/android.view.ViewGroup/android.view.ViewGroup/android.view.ViewGroup/android.view.ViewGroup[2]/android.view.ViewGroup/android.view.ViewGroup/android.view.ViewGroup/android.widget.HorizontalScrollView/android.view.ViewGroup/android.view.ViewGroup[2]"}?[39m
2020-10-27 15:44:06:854 - ?[35m[HTTP]?[39m ?[37m<-- POST /wd/hub/session/ba0bfa51-1485-492d-8332-7b7b3266d36b/element ?[39m?[33m404?[39m ?[90m58 ms - 407?[39m
2020-10-27 15:44:06:854 - ?[35m[HTTP]?[39m ?[90m?[39m
2020-10-27 15:44:07:410 - ?[35m[HTTP]?[39m ?[37m-->?[39m ?[37mPOST?[39m ?[37m/wd/hub/session/ba0bfa51-1485-492d-8332-7b7b3266d36b/element?[39m
2020-10-27 15:44:07:410 - ?[35m[HTTP]?[39m ?[90m{"using":"xpath","value":"/hierarchy/android.widget.FrameLayout/android.widget.LinearLayout/android.widget.FrameLayout/android.widget.LinearLayout/android.widget.FrameLayout/android.widget.FrameLayout/android.view.ViewGroup/android.view.ViewGroup/android.view.ViewGroup/android.view.ViewGroup/android.view.ViewGroup/android.view.ViewGroup/android.view.ViewGroup/android.view.ViewGroup/android.view.ViewGroup/android.view.ViewGroup/android.view.ViewGroup/android.view.ViewGroup/android.view.ViewGroup/android.view.ViewGroup[2]/android.view.ViewGroup/android.view.ViewGroup/android.view.ViewGroup/android.widget.HorizontalScrollView/android.view.ViewGroup/android.view.ViewGroup[2]"}?[39m
2020-10-27 15:44:07:487 - ?[35m[HTTP]?[39m ?[37m<-- POST /wd/hub/session/ba0bfa51-1485-492d-8332-7b7b3266d36b/element ?[39m?[33m404?[39m ?[90m76 ms - 407?[39m
2020-10-27 15:44:07:487 - ?[35m[HTTP]?[39m ?[90m?[39m
2020-10-27 15:44:08:031 - ?[35m[HTTP]?[39m ?[37m-->?[39m ?[37mPOST?[39m ?[37m/wd/hub/session/ba0bfa51-1485-492d-8332-7b7b3266d36b/element?[39m
2020-10-27 15:44:08:031 - ?[35m[HTTP]?[39m ?[90m{"using":"xpath","value":"/hierarchy/android.widget.FrameLayout/android.widget.LinearLayout/android.widget.FrameLayout/android.widget.LinearLayout/android.widget.FrameLayout/android.widget.FrameLayout/android.view.ViewGroup/android.view.ViewGroup/android.view.ViewGroup/android.view.ViewGroup/android.view.ViewGroup/android.view.ViewGroup/android.view.ViewGroup/android.view.ViewGroup/android.view.ViewGroup/android.view.ViewGroup/android.view.ViewGroup/android.view.ViewGroup/android.view.ViewGroup/android.view.ViewGroup[2]/android.view.ViewGroup/android.view.ViewGroup/android.view.ViewGroup/android.widget.HorizontalScrollView/android.view.ViewGroup/android.view.ViewGroup[2]"}?[39m
2020-10-27 15:45:55:338 - ?[35m[HTTP]?[39m ?[37m<-- POST /wd/hub/session/ba0bfa51-1485-492d-8332-7b7b3266d36b/element ?[39m?[33m404?[39m ?[90m107300 ms - 407?[39m
2020-10-27 15:45:55:338 - ?[35m[HTTP]?[39m ?[90m?[39m
]]></system-out>
  <system-err><![CDATA[]]></system-err>
</testsuite>
